{"/home/guidetti/Documents/rocketseat/ignews/src/components/ActiveLink/index.tsx": {"path":"/home/guidetti/Documents/rocketseat/ignews/src/components/ActiveLink/index.tsx","statementMap":{"0":{"start":{"line":12,"column":21},"end":{"line":12,"column":32}},"1":{"start":{"line":14,"column":20},"end":{"line":16,"column":8}},"2":{"start":{"line":18,"column":2},"end":{"line":22,"column":3}}},"fnMap":{"0":{"name":"ActiveLink","decl":{"start":{"line":11,"column":16},"end":{"line":11,"column":26}},"loc":{"start":{"line":11,"column":83},"end":{"line":23,"column":1}},"line":11}},"branchMap":{"0":{"loc":{"start":{"line":14,"column":20},"end":{"line":16,"column":8}},"type":"cond-expr","locations":[{"start":{"line":15,"column":6},"end":{"line":15,"column":21}},{"start":{"line":16,"column":6},"end":{"line":16,"column":8}}],"line":14}},"s":{"0":4,"1":4,"2":4},"f":{"0":4},"b":{"0":[3,1]},"_coverageSchema":"1a1c01bbd47fc00a2c39e90264f33305004495a9","hash":"b6dc244d89424382b47caa4bb5ceca19954e7057"}
,"/home/guidetti/Documents/rocketseat/ignews/src/components/Async/index.tsx": {"path":"/home/guidetti/Documents/rocketseat/ignews/src/components/Async/index.tsx","statementMap":{"0":{"start":{"line":5,"column":48},"end":{"line":5,"column":63}},"1":{"start":{"line":6,"column":52},"end":{"line":6,"column":67}},"2":{"start":{"line":8,"column":2},"end":{"line":13,"column":7}},"3":{"start":{"line":9,"column":4},"end":{"line":12,"column":12}},"4":{"start":{"line":10,"column":6},"end":{"line":10,"column":30}},"5":{"start":{"line":11,"column":6},"end":{"line":11,"column":32}},"6":{"start":{"line":15,"column":2},"end":{"line":21,"column":3}}},"fnMap":{"0":{"name":"Async","decl":{"start":{"line":3,"column":16},"end":{"line":3,"column":21}},"loc":{"start":{"line":3,"column":24},"end":{"line":22,"column":1}},"line":3},"1":{"name":"(anonymous_1)","decl":{"start":{"line":8,"column":12},"end":{"line":8,"column":13}},"loc":{"start":{"line":8,"column":18},"end":{"line":13,"column":3}},"line":8},"2":{"name":"(anonymous_2)","decl":{"start":{"line":9,"column":15},"end":{"line":9,"column":16}},"loc":{"start":{"line":9,"column":20},"end":{"line":12,"column":5}},"line":9}},"branchMap":{"0":{"loc":{"start":{"line":18,"column":8},"end":{"line":18,"column":50}},"type":"binary-expr","locations":[{"start":{"line":18,"column":8},"end":{"line":18,"column":23}},{"start":{"line":18,"column":27},"end":{"line":18,"column":50}}],"line":18},"1":{"loc":{"start":{"line":19,"column":8},"end":{"line":19,"column":54}},"type":"binary-expr","locations":[{"start":{"line":19,"column":8},"end":{"line":19,"column":26}},{"start":{"line":19,"column":30},"end":{"line":19,"column":54}}],"line":19}},"s":{"0":6,"1":6,"2":6,"3":2,"4":2,"5":2,"6":6},"f":{"0":6,"1":2,"2":2},"b":{"0":[6,4],"1":[6,4]},"_coverageSchema":"1a1c01bbd47fc00a2c39e90264f33305004495a9","hash":"e946b532e04c348356d3a1868dd06f3816fadc43"}
,"/home/guidetti/Documents/rocketseat/ignews/src/components/Header/index.tsx": {"path":"/home/guidetti/Documents/rocketseat/ignews/src/components/Header/index.tsx","statementMap":{"0":{"start":{"line":8,"column":2},"end":{"line":23,"column":4}}},"fnMap":{"0":{"name":"Header","decl":{"start":{"line":6,"column":16},"end":{"line":6,"column":22}},"loc":{"start":{"line":6,"column":25},"end":{"line":24,"column":1}},"line":6}},"branchMap":{},"s":{"0":1},"f":{"0":1},"b":{},"_coverageSchema":"1a1c01bbd47fc00a2c39e90264f33305004495a9","hash":"60bb1ec47691b5b9e13593f5404bddeeb5d25625"}
,"/home/guidetti/Documents/rocketseat/ignews/src/components/SignInButtton/index.tsx": {"path":"/home/guidetti/Documents/rocketseat/ignews/src/components/SignInButtton/index.tsx","statementMap":{"0":{"start":{"line":9,"column":20},"end":{"line":9,"column":32}},"1":{"start":{"line":10,"column":2},"end":{"line":29,"column":3}},"2":{"start":{"line":14,"column":21},"end":{"line":14,"column":30}},"3":{"start":{"line":24,"column":23},"end":{"line":24,"column":39}}},"fnMap":{"0":{"name":"SignInButton","decl":{"start":{"line":7,"column":16},"end":{"line":7,"column":28}},"loc":{"start":{"line":7,"column":31},"end":{"line":30,"column":1}},"line":7},"1":{"name":"(anonymous_1)","decl":{"start":{"line":14,"column":15},"end":{"line":14,"column":16}},"loc":{"start":{"line":14,"column":21},"end":{"line":14,"column":30}},"line":14},"2":{"name":"(anonymous_2)","decl":{"start":{"line":24,"column":17},"end":{"line":24,"column":18}},"loc":{"start":{"line":24,"column":23},"end":{"line":24,"column":39}},"line":24}},"branchMap":{"0":{"loc":{"start":{"line":10,"column":9},"end":{"line":29,"column":3}},"type":"cond-expr","locations":[{"start":{"line":11,"column":4},"end":{"line":19,"column":13}},{"start":{"line":21,"column":4},"end":{"line":28,"column":13}}],"line":10}},"s":{"0":3,"1":3,"2":0,"3":0},"f":{"0":3,"1":0,"2":0},"b":{"0":[1,2]},"_coverageSchema":"1a1c01bbd47fc00a2c39e90264f33305004495a9","hash":"03a4537e312d8e12cef3995202703bddb9787033"}
,"/home/guidetti/Documents/rocketseat/ignews/src/components/SubscribeButton/index.tsx": {"path":"/home/guidetti/Documents/rocketseat/ignews/src/components/SubscribeButton/index.tsx","statementMap":{"0":{"start":{"line":9,"column":19},"end":{"line":9,"column":31}},"1":{"start":{"line":10,"column":17},"end":{"line":10,"column":28}},"2":{"start":{"line":13,"column":4},"end":{"line":16,"column":5}},"3":{"start":{"line":14,"column":6},"end":{"line":14,"column":22}},"4":{"start":{"line":15,"column":6},"end":{"line":15,"column":13}},"5":{"start":{"line":18,"column":4},"end":{"line":21,"column":5}},"6":{"start":{"line":19,"column":6},"end":{"line":19,"column":28}},"7":{"start":{"line":20,"column":6},"end":{"line":20,"column":13}},"8":{"start":{"line":23,"column":4},"end":{"line":33,"column":5}},"9":{"start":{"line":24,"column":23},"end":{"line":24,"column":50}},"10":{"start":{"line":26,"column":28},"end":{"line":26,"column":41}},"11":{"start":{"line":28,"column":21},"end":{"line":28,"column":40}},"12":{"start":{"line":30,"column":6},"end":{"line":30,"column":52}},"13":{"start":{"line":32,"column":6},"end":{"line":32,"column":24}},"14":{"start":{"line":36,"column":2},"end":{"line":44,"column":3}}},"fnMap":{"0":{"name":"SubscribeButton","decl":{"start":{"line":7,"column":16},"end":{"line":7,"column":31}},"loc":{"start":{"line":7,"column":34},"end":{"line":45,"column":1}},"line":7},"1":{"name":"handleSubscribe","decl":{"start":{"line":12,"column":17},"end":{"line":12,"column":32}},"loc":{"start":{"line":12,"column":34},"end":{"line":34,"column":3}},"line":12}},"branchMap":{"0":{"loc":{"start":{"line":13,"column":4},"end":{"line":16,"column":5}},"type":"if","locations":[{"start":{"line":13,"column":4},"end":{"line":16,"column":5}},{"start":{"line":13,"column":4},"end":{"line":16,"column":5}}],"line":13},"1":{"loc":{"start":{"line":18,"column":4},"end":{"line":21,"column":5}},"type":"if","locations":[{"start":{"line":18,"column":4},"end":{"line":21,"column":5}},{"start":{"line":18,"column":4},"end":{"line":21,"column":5}}],"line":18}},"s":{"0":4,"1":4,"2":2,"3":1,"4":1,"5":1,"6":1,"7":1,"8":0,"9":0,"10":0,"11":0,"12":0,"13":0,"14":4},"f":{"0":4,"1":2},"b":{"0":[1,1],"1":[1,0]},"_coverageSchema":"1a1c01bbd47fc00a2c39e90264f33305004495a9","hash":"86e5f96bba5a68260e2ebf4cafcc613a4d3ac819"}
,"/home/guidetti/Documents/rocketseat/ignews/src/pages/index.tsx": {"path":"/home/guidetti/Documents/rocketseat/ignews/src/pages/index.tsx","statementMap":{"0":{"start":{"line":16,"column":2},"end":{"line":35,"column":4}},"1":{"start":{"line":38,"column":46},"end":{"line":55,"column":1}},"2":{"start":{"line":39,"column":14},"end":{"line":39,"column":76}},"3":{"start":{"line":41,"column":18},"end":{"line":47,"column":3}},"4":{"start":{"line":49,"column":2},"end":{"line":54,"column":3}}},"fnMap":{"0":{"name":"Home","decl":{"start":{"line":15,"column":24},"end":{"line":15,"column":28}},"loc":{"start":{"line":15,"column":53},"end":{"line":36,"column":1}},"line":15},"1":{"name":"(anonymous_1)","decl":{"start":{"line":38,"column":46},"end":{"line":38,"column":47}},"loc":{"start":{"line":38,"column":58},"end":{"line":55,"column":1}},"line":38}},"branchMap":{},"s":{"0":1,"1":1,"2":1,"3":1,"4":1},"f":{"0":1,"1":1},"b":{},"_coverageSchema":"1a1c01bbd47fc00a2c39e90264f33305004495a9","hash":"b1be1df5ed31e2aeaba6732c96497d95b54a596a"}
,"/home/guidetti/Documents/rocketseat/ignews/src/pages/posts/[slug].tsx": {"path":"/home/guidetti/Documents/rocketseat/ignews/src/pages/posts/[slug].tsx","statementMap":{"0":{"start":{"line":19,"column":2},"end":{"line":36,"column":4}},"1":{"start":{"line":39,"column":54},"end":{"line":73,"column":1}},"2":{"start":{"line":40,"column":18},"end":{"line":40,"column":41}},"3":{"start":{"line":41,"column":19},"end":{"line":41,"column":25}},"4":{"start":{"line":43,"column":2},"end":{"line":50,"column":3}},"5":{"start":{"line":44,"column":4},"end":{"line":49,"column":5}},"6":{"start":{"line":52,"column":18},"end":{"line":52,"column":39}},"7":{"start":{"line":54,"column":19},"end":{"line":54,"column":74}},"8":{"start":{"line":56,"column":15},"end":{"line":65,"column":3}},"9":{"start":{"line":67,"column":2},"end":{"line":71,"column":3}}},"fnMap":{"0":{"name":"Post","decl":{"start":{"line":17,"column":24},"end":{"line":17,"column":28}},"loc":{"start":{"line":17,"column":50},"end":{"line":37,"column":1}},"line":17},"1":{"name":"(anonymous_1)","decl":{"start":{"line":39,"column":54},"end":{"line":39,"column":55}},"loc":{"start":{"line":39,"column":81},"end":{"line":73,"column":1}},"line":39}},"branchMap":{"0":{"loc":{"start":{"line":43,"column":2},"end":{"line":50,"column":3}},"type":"if","locations":[{"start":{"line":43,"column":2},"end":{"line":50,"column":3}},{"start":{"line":43,"column":2},"end":{"line":50,"column":3}}],"line":43}},"s":{"0":1,"1":1,"2":2,"3":2,"4":2,"5":1,"6":1,"7":1,"8":1,"9":1},"f":{"0":1,"1":2},"b":{"0":[1,1]},"_coverageSchema":"1a1c01bbd47fc00a2c39e90264f33305004495a9","hash":"581882f50979be8d8e03e446d433151f0e466671"}
,"/home/guidetti/Documents/rocketseat/ignews/src/pages/posts/index.tsx": {"path":"/home/guidetti/Documents/rocketseat/ignews/src/pages/posts/index.tsx","statementMap":{"0":{"start":{"line":23,"column":2},"end":{"line":43,"column":3}},"1":{"start":{"line":32,"column":12},"end":{"line":38,"column":19}},"2":{"start":{"line":46,"column":46},"end":{"line":77,"column":1}},"3":{"start":{"line":48,"column":18},"end":{"line":48,"column":36}},"4":{"start":{"line":50,"column":19},"end":{"line":55,"column":4}},"5":{"start":{"line":57,"column":16},"end":{"line":68,"column":4}},"6":{"start":{"line":58,"column":4},"end":{"line":67,"column":5}},"7":{"start":{"line":61,"column":49},"end":{"line":61,"column":77}},"8":{"start":{"line":71,"column":2},"end":{"line":75,"column":3}}},"fnMap":{"0":{"name":"Posts","decl":{"start":{"line":22,"column":24},"end":{"line":22,"column":29}},"loc":{"start":{"line":22,"column":52},"end":{"line":44,"column":1}},"line":22},"1":{"name":"(anonymous_1)","decl":{"start":{"line":31,"column":21},"end":{"line":31,"column":22}},"loc":{"start":{"line":32,"column":12},"end":{"line":38,"column":19}},"line":32},"2":{"name":"(anonymous_2)","decl":{"start":{"line":46,"column":46},"end":{"line":46,"column":47}},"loc":{"start":{"line":46,"column":58},"end":{"line":77,"column":1}},"line":46},"3":{"name":"(anonymous_3)","decl":{"start":{"line":57,"column":37},"end":{"line":57,"column":38}},"loc":{"start":{"line":57,"column":45},"end":{"line":68,"column":3}},"line":57},"4":{"name":"(anonymous_4)","decl":{"start":{"line":61,"column":38},"end":{"line":61,"column":39}},"loc":{"start":{"line":61,"column":49},"end":{"line":61,"column":77}},"line":61}},"branchMap":{"0":{"loc":{"start":{"line":61,"column":15},"end":{"line":61,"column":90}},"type":"binary-expr","locations":[{"start":{"line":61,"column":15},"end":{"line":61,"column":84}},{"start":{"line":61,"column":88},"end":{"line":61,"column":90}}],"line":61}},"s":{"0":1,"1":1,"2":1,"3":1,"4":1,"5":1,"6":1,"7":1,"8":1},"f":{"0":1,"1":1,"2":1,"3":1,"4":1},"b":{"0":[1,0]},"_coverageSchema":"1a1c01bbd47fc00a2c39e90264f33305004495a9","hash":"87962d1a54f65b427040980d754853ceb337d259"}
,"/home/guidetti/Documents/rocketseat/ignews/src/pages/posts/preview/[slug].tsx": {"path":"/home/guidetti/Documents/rocketseat/ignews/src/pages/posts/preview/[slug].tsx","statementMap":{"0":{"start":{"line":21,"column":20},"end":{"line":21,"column":32}},"1":{"start":{"line":22,"column":17},"end":{"line":22,"column":28}},"2":{"start":{"line":24,"column":2},"end":{"line":28,"column":15}},"3":{"start":{"line":25,"column":4},"end":{"line":27,"column":5}},"4":{"start":{"line":26,"column":6},"end":{"line":26,"column":41}},"5":{"start":{"line":30,"column":2},"end":{"line":54,"column":4}},"6":{"start":{"line":57,"column":46},"end":{"line":62,"column":1}},"7":{"start":{"line":58,"column":2},"end":{"line":61,"column":3}},"8":{"start":{"line":64,"column":46},"end":{"line":89,"column":1}},"9":{"start":{"line":65,"column":19},"end":{"line":65,"column":25}},"10":{"start":{"line":67,"column":18},"end":{"line":67,"column":36}},"11":{"start":{"line":69,"column":19},"end":{"line":69,"column":74}},"12":{"start":{"line":71,"column":15},"end":{"line":80,"column":3}},"13":{"start":{"line":82,"column":2},"end":{"line":87,"column":3}}},"fnMap":{"0":{"name":"PostPreview","decl":{"start":{"line":20,"column":24},"end":{"line":20,"column":35}},"loc":{"start":{"line":20,"column":64},"end":{"line":55,"column":1}},"line":20},"1":{"name":"(anonymous_1)","decl":{"start":{"line":24,"column":12},"end":{"line":24,"column":13}},"loc":{"start":{"line":24,"column":18},"end":{"line":28,"column":3}},"line":24},"2":{"name":"(anonymous_2)","decl":{"start":{"line":57,"column":46},"end":{"line":57,"column":47}},"loc":{"start":{"line":57,"column":58},"end":{"line":62,"column":1}},"line":57},"3":{"name":"(anonymous_3)","decl":{"start":{"line":64,"column":46},"end":{"line":64,"column":47}},"loc":{"start":{"line":64,"column":68},"end":{"line":89,"column":1}},"line":64}},"branchMap":{"0":{"loc":{"start":{"line":25,"column":4},"end":{"line":27,"column":5}},"type":"if","locations":[{"start":{"line":25,"column":4},"end":{"line":27,"column":5}},{"start":{"line":25,"column":4},"end":{"line":27,"column":5}}],"line":25}},"s":{"0":2,"1":2,"2":2,"3":2,"4":1,"5":2,"6":1,"7":0,"8":1,"9":1,"10":1,"11":1,"12":1,"13":1},"f":{"0":2,"1":2,"2":0,"3":1},"b":{"0":[1,1]},"_coverageSchema":"1a1c01bbd47fc00a2c39e90264f33305004495a9","hash":"6d46bce5684e3da36881416d7b0cfd98825bc165"}
}
