TN:
SF:src/components/ActiveLink/index.tsx
FN:11,ActiveLink
FNF:1
FNH:1
FNDA:4,ActiveLink
DA:12,4
DA:14,4
DA:18,4
LF:3
LH:3
BRDA:14,0,0,3
BRDA:14,0,1,1
BRF:2
BRH:2
end_of_record
TN:
SF:src/components/Async/index.tsx
FN:3,Async
FN:8,(anonymous_1)
FN:9,(anonymous_2)
FNF:3
FNH:3
FNDA:6,Async
FNDA:2,(anonymous_1)
FNDA:2,(anonymous_2)
DA:5,6
DA:6,6
DA:8,6
DA:9,2
DA:10,2
DA:11,2
DA:15,6
LF:7
LH:7
BRDA:18,0,0,6
BRDA:18,0,1,4
BRDA:19,1,0,6
BRDA:19,1,1,4
BRF:4
BRH:4
end_of_record
TN:
SF:src/components/Header/index.tsx
FN:6,Header
FNF:1
FNH:1
FNDA:1,Header
DA:8,1
LF:1
LH:1
BRF:0
BRH:0
end_of_record
TN:
SF:src/components/SignInButtton/index.tsx
FN:7,SignInButton
FN:14,(anonymous_1)
FN:24,(anonymous_2)
FNF:3
FNH:1
FNDA:3,SignInButton
FNDA:0,(anonymous_1)
FNDA:0,(anonymous_2)
DA:9,3
DA:10,3
DA:14,0
DA:24,0
LF:4
LH:2
BRDA:10,0,0,1
BRDA:10,0,1,2
BRF:2
BRH:2
end_of_record
TN:
SF:src/components/SubscribeButton/index.tsx
FN:7,SubscribeButton
FN:12,handleSubscribe
FNF:2
FNH:2
FNDA:4,SubscribeButton
FNDA:2,handleSubscribe
DA:9,4
DA:10,4
DA:13,2
DA:14,1
DA:15,1
DA:18,1
DA:19,1
DA:20,1
DA:23,0
DA:24,0
DA:26,0
DA:28,0
DA:30,0
DA:32,0
DA:36,4
LF:15
LH:9
BRDA:13,0,0,1
BRDA:13,0,1,1
BRDA:18,1,0,1
BRDA:18,1,1,0
BRF:4
BRH:3
end_of_record
TN:
SF:src/pages/index.tsx
FN:15,Home
FN:38,(anonymous_1)
FNF:2
FNH:2
FNDA:1,Home
FNDA:1,(anonymous_1)
DA:16,1
DA:38,1
DA:39,1
DA:41,1
DA:49,1
LF:5
LH:5
BRF:0
BRH:0
end_of_record
TN:
SF:src/pages/posts/[slug].tsx
FN:17,Post
FN:39,(anonymous_1)
FNF:2
FNH:2
FNDA:1,Post
FNDA:2,(anonymous_1)
DA:19,1
DA:39,1
DA:40,2
DA:41,2
DA:43,2
DA:44,1
DA:52,1
DA:54,1
DA:56,1
DA:67,1
LF:10
LH:10
BRDA:43,0,0,1
BRDA:43,0,1,1
BRF:2
BRH:2
end_of_record
TN:
SF:src/pages/posts/index.tsx
FN:22,Posts
FN:31,(anonymous_1)
FN:46,(anonymous_2)
FN:57,(anonymous_3)
FN:61,(anonymous_4)
FNF:5
FNH:5
FNDA:1,Posts
FNDA:1,(anonymous_1)
FNDA:1,(anonymous_2)
FNDA:1,(anonymous_3)
FNDA:1,(anonymous_4)
DA:23,1
DA:32,1
DA:46,1
DA:48,1
DA:50,1
DA:57,1
DA:58,1
DA:61,1
DA:71,1
LF:9
LH:9
BRDA:61,0,0,1
BRDA:61,0,1,0
BRF:2
BRH:1
end_of_record
TN:
SF:src/pages/posts/preview/[slug].tsx
FN:20,PostPreview
FN:24,(anonymous_1)
FN:57,(anonymous_2)
FN:64,(anonymous_3)
FNF:4
FNH:3
FNDA:2,PostPreview
FNDA:2,(anonymous_1)
FNDA:0,(anonymous_2)
FNDA:1,(anonymous_3)
DA:21,2
DA:22,2
DA:24,2
DA:25,2
DA:26,1
DA:30,2
DA:57,1
DA:58,0
DA:64,1
DA:65,1
DA:67,1
DA:69,1
DA:71,1
DA:82,1
LF:14
LH:13
BRDA:25,0,0,1
BRDA:25,0,1,1
BRF:2
BRH:2
end_of_record
